Arguments: 
  C:\Program Files\nodejs\node.exe C:\Users\patel\AppData\Roaming\npm\node_modules\yarn\bin\yarn.js init

PATH: 
  C:\Users\patel\bin;C:\Program Files\Git\mingw64\bin;C:\Program Files\Git\usr\local\bin;C:\Program Files\Git\usr\bin;C:\Program Files\Git\usr\bin;C:\Program Files\Git\mingw64\bin;C:\Program Files\Git\usr\bin;C:\Users\patel\bin;C:\Program Files\Common Files\Oracle\Java\javapath;C:\Windows\System32;C:\windows;C:\windows\System32\Wbem;C:\windows\System32\WindowsPowerShell\v1.0;C:\windows\System32\OpenSSH;C:\Program Files\Git\cmd;C:\Program Files\MATLAB\R2020b\bin;C:\Program Files\Microchip\xc16\v1.70\bin;C:\Program Files\Microchip\xc8\v2.32\bin;C:\Program Files\Java\jdk-11.0.13\bin;C:\Program Files\MongoDB\Server\5.0\bin;C:\Program Files\nodejs;C:\Program Files\PuTTY;C:\Program Files\apache-maven-3.8.6\bin;C:\Strawberry\c\bin;C:\Strawberry\perl\site\bin;C:\Strawberry\perl\bin;C:\Program Files\MySQL\MySQL Shell 8.0\bin;C:\Users\patel\.pyenv\pyenv-win\bin;C:\Users\patel\.pyenv\pyenv-win\shims;C:\Users\patel\.poetry\bin;C:\Users\patel\AppData\Local\Programs\Python\Python39\Scripts;C:\Users\patel\AppData\Local\Programs\Python\Python39;C:\Users\patel\AppData\Local\Microsoft\WindowsApps;C:\Users\patel\AppData\Local\Programs\Microsoft VS Code\bin;C:\Users\patel\AppData\Local\atom\bin;C:\Program Files\heroku\bin;C:\intelFPGA_lite\18.1\modelsim_ase\win32aloem;C:\Program Files\JetBrains\IntelliJ IDEA Community Edition 2021.3.1\bin;C:\Users\patel\AppData\Local\Programs\Hyper\resources\bin;C:\Users\patel\AppData\Roaming\npm;C:\Program Files\Git\usr\bin\vendor_perl;C:\Program Files\Git\usr\bin\core_perl

Yarn version: 
  1.22.19

Node version: 
  16.15.1

Platform: 
  win32 x64

Trace: 
  Error: Can't answer a question unless a user TTY
      at ConsoleReporter.question (C:\Users\patel\AppData\Roaming\npm\node_modules\yarn\lib\cli.js:92864:59)
      at Object.<anonymous> (C:\Users\patel\AppData\Roaming\npm\node_modules\yarn\lib\cli.js:85054:38)
      at Generator.next (<anonymous>)
      at step (C:\Users\patel\AppData\Roaming\npm\node_modules\yarn\lib\cli.js:310:30)
      at C:\Users\patel\AppData\Roaming\npm\node_modules\yarn\lib\cli.js:321:13

npm manifest: 
  No manifest

yarn manifest: 
  No manifest

Lockfile: 
  No lockfile
